<?xml version="1.0" encoding="UTF-8"?>
<testsuite xmlns:xsi="http://www.w3.org/2001/XMLSchema-instance" xsi:noNamespaceSchemaLocation="https://maven.apache.org/surefire/maven-surefire-plugin/xsd/surefire-test-report.xsd" name="com.coderap.ArrayTest" time="0.03" tests="15" errors="0" skipped="0" failures="0">
  <properties>
[...]
</properties>
  <testcase name="addFirst" classname="com.coderap.ArrayTest" time="0.001"/>
  <testcase name="addLast" classname="com.coderap.ArrayTest" time="0"/>
  <testcase name="remove" classname="com.coderap.ArrayTest" time="0"/>
  <testcase name="resize" classname="com.coderap.ArrayTest" time="0"/>
  <testcase name="contains" classname="com.coderap.ArrayTest" time="0"/>
  <testcase name="removeElement" classname="com.coderap.ArrayTest" time="0"/>
  <testcase name="removeFirst" classname="com.coderap.ArrayTest" time="0"/>
  <testcase name="getSize" classname="com.coderap.ArrayTest" time="0"/>
  <testcase name="add" classname="com.coderap.ArrayTest" time="0.001"/>
  <testcase name="get" classname="com.coderap.ArrayTest" time="0"/>
  <testcase name="set" classname="com.coderap.ArrayTest" time="0"/>
  <testcase name="find" classname="com.coderap.ArrayTest" time="0"/>
  <testcase name="removeLast" classname="com.coderap.ArrayTest" time="0"/>
  <testcase name="getCapacity" classname="com.coderap.ArrayTest" time="0"/>
  <testcase name="isEmpty" classname="com.coderap.ArrayTest" time="0"/>
</testsuite>